<?xml version="1.0" encoding="UTF-8"?>
<testsuite xmlns:xsi="http://www.w3.org/2001/XMLSchema-instance" xsi:noNamespaceSchemaLocation="https://maven.apache.org/surefire/maven-surefire-plugin/xsd/surefire-test-report.xsd" name="com.globomantics.tdd.services.ProductServiceTest" time="3.274" tests="5" errors="0" skipped="0" failures="0">
  <properties>
[...]
</properties>
  <testcase name="testFindAll" classname="com.globomantics.tdd.services.ProductServiceTest" time="0.083"/>
  <testcase name="findByIdNotFoundTest" classname="com.globomantics.tdd.services.ProductServiceTest" time="0.035"/>
  <testcase name="saveProductTest" classname="com.globomantics.tdd.services.ProductServiceTest" time="0.026"/>
  <testcase name="findByIdTest" classname="com.globomantics.tdd.services.ProductServiceTest" time="0.026"/>
  <testcase name="updateProductTest" classname="com.globomantics.tdd.services.ProductServiceTest" time="0.027"/>
</testsuite>